<?xml version="1.0" encoding="UTF-8"?>
<!-- Generated by org.testng.reporters.JUnitXMLReporter -->
<testsuite hostname="U6037024-TPL-A" name="Default test" tests="8" failures="0" timestamp="18 May 2017 09:39:27 GMT" time="16.16" errors="0">
  <testcase name="AddUseNames" time="0.962" classname="Script.loginScript"/>
  <testcase name="complete" time="1.297" classname="Script.loginScript"/>
  <testcase name="Completed" time="1.072" classname="Script.loginScript"/>
  <testcase name="Active" time="1.07" classname="Script.loginScript"/>
  <testcase name="All" time="1.069" classname="Script.loginScript"/>
  <testcase name="ClearCompleted" time="1.066" classname="Script.loginScript"/>
  <testcase name="editNames" time="2.202" classname="Script.loginScript"/>
  <testcase name="Delete" time="3.304" classname="Script.loginScript"/>
</testsuite> <!-- Default test -->
